ISim log file
Running: H:\smt_2\cryptography_engineering\final assignment\crypto_eng\twine - 8 May 2015\tb_twine_isim_beh.exe -intstyle ise -gui -tclbatch isim.cmd -wdb H:/smt_2/cryptography_engineering/final assignment/crypto_eng/twine - 8 May 2015/tb_twine_isim_beh.wdb 
ISim P.20131013 (signature 0x7708f090)
This is a Full version of ISim.
Time resolution is 1 ps
# onerror resume
# wave add /
# run 1000 ns
Simulator is doing circuit initialization process.
at 0 ps, Instance /tb_twine/uut/KEYGEN_0/ROUND_K_0/S_BOX_0/ : Warning: NUMERIC_STD.TO_INTEGER: metavalue detected, returning 0
at 0 ps, Instance /tb_twine/uut/KEYGEN_0/ROUND_K_0/S_BOX_16/ : Warning: NUMERIC_STD.TO_INTEGER: metavalue detected, returning 0
at 0 ps, Instance /tb_twine/uut/KEYGEN_0/ROUND_K_0/CON_LH/ : Warning: NUMERIC_STD.TO_INTEGER: metavalue detected, returning 0
at 0 ps, Instance /tb_twine/uut/ED_ROUND_0/ROUND_F_0/S_BOX_1/ : Warning: NUMERIC_STD.TO_INTEGER: metavalue detected, returning 0
at 0 ps, Instance /tb_twine/uut/ED_ROUND_0/ROUND_F_0/S_BOX_2/ : Warning: NUMERIC_STD.TO_INTEGER: metavalue detected, returning 0
at 0 ps, Instance /tb_twine/uut/ED_ROUND_0/ROUND_F_0/S_BOX_3/ : Warning: NUMERIC_STD.TO_INTEGER: metavalue detected, returning 0
at 0 ps, Instance /tb_twine/uut/ED_ROUND_0/ROUND_F_0/S_BOX_4/ : Warning: NUMERIC_STD.TO_INTEGER: metavalue detected, returning 0
at 0 ps, Instance /tb_twine/uut/ED_ROUND_0/ROUND_F_0/S_BOX_5/ : Warning: NUMERIC_STD.TO_INTEGER: metavalue detected, returning 0
at 0 ps, Instance /tb_twine/uut/ED_ROUND_0/ROUND_F_0/S_BOX_6/ : Warning: NUMERIC_STD.TO_INTEGER: metavalue detected, returning 0
at 0 ps, Instance /tb_twine/uut/ED_ROUND_0/ROUND_F_0/S_BOX_7/ : Warning: NUMERIC_STD.TO_INTEGER: metavalue detected, returning 0
at 0 ps, Instance /tb_twine/uut/ED_ROUND_0/ROUND_F_0/S_BOX_8/ : Warning: NUMERIC_STD.TO_INTEGER: metavalue detected, returning 0
Finished circuit initialization process.
at 5 ns(1), Instance /tb_twine/uut/DPRAM_0/ : Warning: NUMERIC_STD.TO_INTEGER: metavalue detected, returning 0
at 15 ns(1), Instance /tb_twine/uut/DPRAM_0/ : Warning: NUMERIC_STD.TO_INTEGER: metavalue detected, returning 0
at 25 ns(1), Instance /tb_twine/uut/DPRAM_0/ : Warning: NUMERIC_STD.TO_INTEGER: metavalue detected, returning 0
at 35 ns(1), Instance /tb_twine/uut/DPRAM_0/ : Warning: NUMERIC_STD.TO_INTEGER: metavalue detected, returning 0
at 45 ns(1), Instance /tb_twine/uut/DPRAM_0/ : Warning: NUMERIC_STD.TO_INTEGER: metavalue detected, returning 0
at 55 ns(1), Instance /tb_twine/uut/DPRAM_0/ : Warning: NUMERIC_STD.TO_INTEGER: metavalue detected, returning 0
at 65 ns(1), Instance /tb_twine/uut/DPRAM_0/ : Warning: NUMERIC_STD.TO_INTEGER: metavalue detected, returning 0
at 75 ns(1), Instance /tb_twine/uut/DPRAM_0/ : Warning: NUMERIC_STD.TO_INTEGER: metavalue detected, returning 0
at 85 ns(1), Instance /tb_twine/uut/DPRAM_0/ : Warning: NUMERIC_STD.TO_INTEGER: metavalue detected, returning 0
at 95 ns(1), Instance /tb_twine/uut/DPRAM_0/ : Warning: NUMERIC_STD.TO_INTEGER: metavalue detected, returning 0
at 105 ns(1), Instance /tb_twine/uut/DPRAM_0/ : Warning: NUMERIC_STD.TO_INTEGER: metavalue detected, returning 0
at 115 ns(1), Instance /tb_twine/uut/DPRAM_0/ : Warning: NUMERIC_STD.TO_INTEGER: metavalue detected, returning 0
at 125 ns(1), Instance /tb_twine/uut/DPRAM_0/ : Warning: NUMERIC_STD.TO_INTEGER: metavalue detected, returning 0
at 135 ns(1), Instance /tb_twine/uut/DPRAM_0/ : Warning: NUMERIC_STD.TO_INTEGER: metavalue detected, returning 0
at 145 ns(1), Instance /tb_twine/uut/DPRAM_0/ : Warning: NUMERIC_STD.TO_INTEGER: metavalue detected, returning 0
at 155 ns(1), Instance /tb_twine/uut/DPRAM_0/ : Warning: NUMERIC_STD.TO_INTEGER: metavalue detected, returning 0
at 165 ns(1), Instance /tb_twine/uut/DPRAM_0/ : Warning: NUMERIC_STD.TO_INTEGER: metavalue detected, returning 0
at 175 ns(1), Instance /tb_twine/uut/DPRAM_0/ : Warning: NUMERIC_STD.TO_INTEGER: metavalue detected, returning 0
at 185 ns(1), Instance /tb_twine/uut/DPRAM_0/ : Warning: NUMERIC_STD.TO_INTEGER: metavalue detected, returning 0
at 195 ns(1), Instance /tb_twine/uut/DPRAM_0/ : Warning: NUMERIC_STD.TO_INTEGER: metavalue detected, returning 0
at 205 ns(1), Instance /tb_twine/uut/DPRAM_0/ : Warning: NUMERIC_STD.TO_INTEGER: metavalue detected, returning 0
at 215 ns(1), Instance /tb_twine/uut/DPRAM_0/ : Warning: NUMERIC_STD.TO_INTEGER: metavalue detected, returning 0
at 225 ns(1), Instance /tb_twine/uut/DPRAM_0/ : Warning: NUMERIC_STD.TO_INTEGER: metavalue detected, returning 0
at 235 ns(1), Instance /tb_twine/uut/DPRAM_0/ : Warning: NUMERIC_STD.TO_INTEGER: metavalue detected, returning 0
at 245 ns(1), Instance /tb_twine/uut/DPRAM_0/ : Warning: NUMERIC_STD.TO_INTEGER: metavalue detected, returning 0
at 255 ns(1), Instance /tb_twine/uut/DPRAM_0/ : Warning: NUMERIC_STD.TO_INTEGER: metavalue detected, returning 0
at 265 ns(1), Instance /tb_twine/uut/DPRAM_0/ : Warning: NUMERIC_STD.TO_INTEGER: metavalue detected, returning 0
at 275 ns(1), Instance /tb_twine/uut/DPRAM_0/ : Warning: NUMERIC_STD.TO_INTEGER: metavalue detected, returning 0
at 285 ns(1), Instance /tb_twine/uut/DPRAM_0/ : Warning: NUMERIC_STD.TO_INTEGER: metavalue detected, returning 0
at 295 ns(1), Instance /tb_twine/uut/DPRAM_0/ : Warning: NUMERIC_STD.TO_INTEGER: metavalue detected, returning 0
at 305 ns(1), Instance /tb_twine/uut/DPRAM_0/ : Warning: NUMERIC_STD.TO_INTEGER: metavalue detected, returning 0
at 315 ns(1), Instance /tb_twine/uut/DPRAM_0/ : Warning: NUMERIC_STD.TO_INTEGER: metavalue detected, returning 0
at 325 ns(1), Instance /tb_twine/uut/DPRAM_0/ : Warning: NUMERIC_STD.TO_INTEGER: metavalue detected, returning 0
at 335 ns(1), Instance /tb_twine/uut/DPRAM_0/ : Warning: NUMERIC_STD.TO_INTEGER: metavalue detected, returning 0
at 345 ns(1), Instance /tb_twine/uut/DPRAM_0/ : Warning: NUMERIC_STD.TO_INTEGER: metavalue detected, returning 0
at 355 ns(1), Instance /tb_twine/uut/DPRAM_0/ : Warning: NUMERIC_STD.TO_INTEGER: metavalue detected, returning 0
at 365 ns(1), Instance /tb_twine/uut/DPRAM_0/ : Warning: NUMERIC_STD.TO_INTEGER: metavalue detected, returning 0
at 375 ns(1), Instance /tb_twine/uut/DPRAM_0/ : Warning: NUMERIC_STD.TO_INTEGER: metavalue detected, returning 0
# run 0.20us
ISim P.20131013 (signature 0x7708f090)
This is a Full version of ISim.
# run 1000 ns
Simulator is doing circuit initialization process.
at 0 ps, Instance /tb_twine/uut/KEYGEN_0/ROUND_K_0/S_BOX_0/ : Warning: NUMERIC_STD.TO_INTEGER: metavalue detected, returning 0
at 0 ps, Instance /tb_twine/uut/KEYGEN_0/ROUND_K_0/S_BOX_16/ : Warning: NUMERIC_STD.TO_INTEGER: metavalue detected, returning 0
at 0 ps, Instance /tb_twine/uut/KEYGEN_0/ROUND_K_0/CON_LH/ : Warning: NUMERIC_STD.TO_INTEGER: metavalue detected, returning 0
at 0 ps, Instance /tb_twine/uut/ED_ROUND_0/ROUND_F_0/S_BOX_1/ : Warning: NUMERIC_STD.TO_INTEGER: metavalue detected, returning 0
at 0 ps, Instance /tb_twine/uut/ED_ROUND_0/ROUND_F_0/S_BOX_2/ : Warning: NUMERIC_STD.TO_INTEGER: metavalue detected, returning 0
at 0 ps, Instance /tb_twine/uut/ED_ROUND_0/ROUND_F_0/S_BOX_3/ : Warning: NUMERIC_STD.TO_INTEGER: metavalue detected, returning 0
at 0 ps, Instance /tb_twine/uut/ED_ROUND_0/ROUND_F_0/S_BOX_4/ : Warning: NUMERIC_STD.TO_INTEGER: metavalue detected, returning 0
at 0 ps, Instance /tb_twine/uut/ED_ROUND_0/ROUND_F_0/S_BOX_5/ : Warning: NUMERIC_STD.TO_INTEGER: metavalue detected, returning 0
at 0 ps, Instance /tb_twine/uut/ED_ROUND_0/ROUND_F_0/S_BOX_6/ : Warning: NUMERIC_STD.TO_INTEGER: metavalue detected, returning 0
at 0 ps, Instance /tb_twine/uut/ED_ROUND_0/ROUND_F_0/S_BOX_7/ : Warning: NUMERIC_STD.TO_INTEGER: metavalue detected, returning 0
at 0 ps, Instance /tb_twine/uut/ED_ROUND_0/ROUND_F_0/S_BOX_8/ : Warning: NUMERIC_STD.TO_INTEGER: metavalue detected, returning 0
Finished circuit initialization process.
at 5 ns(1), Instance /tb_twine/uut/DPRAM_0/ : Warning: NUMERIC_STD.TO_INTEGER: metavalue detected, returning 0
at 15 ns(1), Instance /tb_twine/uut/DPRAM_0/ : Warning: NUMERIC_STD.TO_INTEGER: metavalue detected, returning 0
at 25 ns(1), Instance /tb_twine/uut/DPRAM_0/ : Warning: NUMERIC_STD.TO_INTEGER: metavalue detected, returning 0
at 35 ns(1), Instance /tb_twine/uut/DPRAM_0/ : Warning: NUMERIC_STD.TO_INTEGER: metavalue detected, returning 0
at 45 ns(1), Instance /tb_twine/uut/DPRAM_0/ : Warning: NUMERIC_STD.TO_INTEGER: metavalue detected, returning 0
at 55 ns(1), Instance /tb_twine/uut/DPRAM_0/ : Warning: NUMERIC_STD.TO_INTEGER: metavalue detected, returning 0
at 65 ns(1), Instance /tb_twine/uut/DPRAM_0/ : Warning: NUMERIC_STD.TO_INTEGER: metavalue detected, returning 0
at 75 ns(1), Instance /tb_twine/uut/DPRAM_0/ : Warning: NUMERIC_STD.TO_INTEGER: metavalue detected, returning 0
at 85 ns(1), Instance /tb_twine/uut/DPRAM_0/ : Warning: NUMERIC_STD.TO_INTEGER: metavalue detected, returning 0
at 95 ns(1), Instance /tb_twine/uut/DPRAM_0/ : Warning: NUMERIC_STD.TO_INTEGER: metavalue detected, returning 0
at 105 ns(1), Instance /tb_twine/uut/DPRAM_0/ : Warning: NUMERIC_STD.TO_INTEGER: metavalue detected, returning 0
at 115 ns(1), Instance /tb_twine/uut/DPRAM_0/ : Warning: NUMERIC_STD.TO_INTEGER: metavalue detected, returning 0
at 125 ns(1), Instance /tb_twine/uut/DPRAM_0/ : Warning: NUMERIC_STD.TO_INTEGER: metavalue detected, returning 0
at 135 ns(1), Instance /tb_twine/uut/DPRAM_0/ : Warning: NUMERIC_STD.TO_INTEGER: metavalue detected, returning 0
at 145 ns(1), Instance /tb_twine/uut/DPRAM_0/ : Warning: NUMERIC_STD.TO_INTEGER: metavalue detected, returning 0
at 155 ns(1), Instance /tb_twine/uut/DPRAM_0/ : Warning: NUMERIC_STD.TO_INTEGER: metavalue detected, returning 0
at 165 ns(1), Instance /tb_twine/uut/DPRAM_0/ : Warning: NUMERIC_STD.TO_INTEGER: metavalue detected, returning 0
at 175 ns(1), Instance /tb_twine/uut/DPRAM_0/ : Warning: NUMERIC_STD.TO_INTEGER: metavalue detected, returning 0
at 185 ns(1), Instance /tb_twine/uut/DPRAM_0/ : Warning: NUMERIC_STD.TO_INTEGER: metavalue detected, returning 0
at 195 ns(1), Instance /tb_twine/uut/DPRAM_0/ : Warning: NUMERIC_STD.TO_INTEGER: metavalue detected, returning 0
at 205 ns(1), Instance /tb_twine/uut/DPRAM_0/ : Warning: NUMERIC_STD.TO_INTEGER: metavalue detected, returning 0
at 215 ns(1), Instance /tb_twine/uut/DPRAM_0/ : Warning: NUMERIC_STD.TO_INTEGER: metavalue detected, returning 0
at 225 ns(1), Instance /tb_twine/uut/DPRAM_0/ : Warning: NUMERIC_STD.TO_INTEGER: metavalue detected, returning 0
at 235 ns(1), Instance /tb_twine/uut/DPRAM_0/ : Warning: NUMERIC_STD.TO_INTEGER: metavalue detected, returning 0
at 245 ns(1), Instance /tb_twine/uut/DPRAM_0/ : Warning: NUMERIC_STD.TO_INTEGER: metavalue detected, returning 0
at 255 ns(1), Instance /tb_twine/uut/DPRAM_0/ : Warning: NUMERIC_STD.TO_INTEGER: metavalue detected, returning 0
at 265 ns(1), Instance /tb_twine/uut/DPRAM_0/ : Warning: NUMERIC_STD.TO_INTEGER: metavalue detected, returning 0
at 275 ns(1), Instance /tb_twine/uut/DPRAM_0/ : Warning: NUMERIC_STD.TO_INTEGER: metavalue detected, returning 0
at 285 ns(1), Instance /tb_twine/uut/DPRAM_0/ : Warning: NUMERIC_STD.TO_INTEGER: metavalue detected, returning 0
at 295 ns(1), Instance /tb_twine/uut/DPRAM_0/ : Warning: NUMERIC_STD.TO_INTEGER: metavalue detected, returning 0
at 305 ns(1), Instance /tb_twine/uut/DPRAM_0/ : Warning: NUMERIC_STD.TO_INTEGER: metavalue detected, returning 0
at 315 ns(1), Instance /tb_twine/uut/DPRAM_0/ : Warning: NUMERIC_STD.TO_INTEGER: metavalue detected, returning 0
at 325 ns(1), Instance /tb_twine/uut/DPRAM_0/ : Warning: NUMERIC_STD.TO_INTEGER: metavalue detected, returning 0
at 335 ns(1), Instance /tb_twine/uut/DPRAM_0/ : Warning: NUMERIC_STD.TO_INTEGER: metavalue detected, returning 0
at 345 ns(1), Instance /tb_twine/uut/DPRAM_0/ : Warning: NUMERIC_STD.TO_INTEGER: metavalue detected, returning 0
at 355 ns(1), Instance /tb_twine/uut/DPRAM_0/ : Warning: NUMERIC_STD.TO_INTEGER: metavalue detected, returning 0
at 365 ns(1), Instance /tb_twine/uut/DPRAM_0/ : Warning: NUMERIC_STD.TO_INTEGER: metavalue detected, returning 0
at 375 ns(1), Instance /tb_twine/uut/DPRAM_0/ : Warning: NUMERIC_STD.TO_INTEGER: metavalue detected, returning 0
# run 0.20us
