ISim log file
Running: C:\Users\rauf\Dropbox\CryptoEng\TWINE\twine - 8 April 2015\tb_twine_isim_beh.exe -intstyle ise -gui -tclbatch isim.cmd -wdb C:/Users/rauf/Dropbox/CryptoEng/TWINE/twine - 8 April 2015/tb_twine_isim_beh.wdb 
ISim P.20131013 (signature 0x8ef4fb42)
This is a Full version of ISim.
Time resolution is 1 ps
# onerror resume
# wave add /
# run 1000 ns
Simulator is doing circuit initialization process.
at 0 ps, Instance /tb_twine/uut/KEYGEN_0/ROUND_K_0/S_BOX_0/ : Warning: NUMERIC_STD.TO_INTEGER: metavalue detected, returning 0
at 0 ps, Instance /tb_twine/uut/KEYGEN_0/ROUND_K_0/S_BOX_16/ : Warning: NUMERIC_STD.TO_INTEGER: metavalue detected, returning 0
at 0 ps, Instance /tb_twine/uut/KEYGEN_0/ROUND_K_0/CON_LH/ : Warning: NUMERIC_STD.TO_INTEGER: metavalue detected, returning 0
at 0 ps, Instance /tb_twine/uut/ED_ROUND_0/ROUND_F_0/S_BOX_1/ : Warning: NUMERIC_STD.TO_INTEGER: metavalue detected, returning 0
at 0 ps, Instance /tb_twine/uut/ED_ROUND_0/ROUND_F_0/S_BOX_2/ : Warning: NUMERIC_STD.TO_INTEGER: metavalue detected, returning 0
at 0 ps, Instance /tb_twine/uut/ED_ROUND_0/ROUND_F_0/S_BOX_3/ : Warning: NUMERIC_STD.TO_INTEGER: metavalue detected, returning 0
at 0 ps, Instance /tb_twine/uut/ED_ROUND_0/ROUND_F_0/S_BOX_4/ : Warning: NUMERIC_STD.TO_INTEGER: metavalue detected, returning 0
at 0 ps, Instance /tb_twine/uut/ED_ROUND_0/ROUND_F_0/S_BOX_5/ : Warning: NUMERIC_STD.TO_INTEGER: metavalue detected, returning 0
at 0 ps, Instance /tb_twine/uut/ED_ROUND_0/ROUND_F_0/S_BOX_6/ : Warning: NUMERIC_STD.TO_INTEGER: metavalue detected, returning 0
at 0 ps, Instance /tb_twine/uut/ED_ROUND_0/ROUND_F_0/S_BOX_7/ : Warning: NUMERIC_STD.TO_INTEGER: metavalue detected, returning 0
at 0 ps, Instance /tb_twine/uut/ED_ROUND_0/ROUND_F_0/S_BOX_8/ : Warning: NUMERIC_STD.TO_INTEGER: metavalue detected, returning 0
Finished circuit initialization process.
at 5 ns(1), Instance /tb_twine/uut/RAM_T_0/ : Warning: NUMERIC_STD.TO_INTEGER: metavalue detected, returning 0
at 15 ns(1), Instance /tb_twine/uut/RAM_T_0/ : Warning: NUMERIC_STD.TO_INTEGER: metavalue detected, returning 0
at 385 ns(1), Instance /tb_twine/uut/RAM_T_0/ : Warning: NUMERIC_STD.TO_INTEGER: metavalue detected, returning 0
# run all
Stopped at time : 4100085 ns : File "C:/Users/rauf/Dropbox/CryptoEng/TWINE/twine - 8 April 2015/ed_round.vhd" Line 79
